Change Component Designator: OldDesignator=C43_FILTER1 NewDesignator=C43_1
Change Component Designator: OldDesignator=C43_FILTER2 NewDesignator=C43_2
Change Component Designator: OldDesignator=C43_FILTER3 NewDesignator=C43_3
Change Component Designator: OldDesignator=C43_FILTER4 NewDesignator=C43_4
Change Component Designator: OldDesignator=C43_FILTER5 NewDesignator=C43_5
Change Component Designator: OldDesignator=C43_FILTER6 NewDesignator=C43_6
Change Component Designator: OldDesignator=C43_FILTER7 NewDesignator=C43_7
Change Component Designator: OldDesignator=C43_FILTER8 NewDesignator=C43_8
Change Component Designator: OldDesignator=C43_FILTER9 NewDesignator=C43_9
Change Component Designator: OldDesignator=C43_FILTER10 NewDesignator=C43_10
Change Component Designator: OldDesignator=C43_FILTER11 NewDesignator=C43_11
Change Component Designator: OldDesignator=C43_FILTER12 NewDesignator=C43_12
Change Component Designator: OldDesignator=C43_FILTER13 NewDesignator=C43_13
Change Component Designator: OldDesignator=C43_FILTER14 NewDesignator=C43_14
Change Component Designator: OldDesignator=C43_FILTER15 NewDesignator=C43_15
Change Component Designator: OldDesignator=C43_FILTER16 NewDesignator=C43_16
Change Component Designator: OldDesignator=R10_FILTER1 NewDesignator=R10_1
Change Component Designator: OldDesignator=R10_FILTER2 NewDesignator=R10_2
Change Component Designator: OldDesignator=R10_FILTER3 NewDesignator=R10_3
Change Component Designator: OldDesignator=R10_FILTER4 NewDesignator=R10_4
Change Component Designator: OldDesignator=R10_FILTER5 NewDesignator=R10_5
Change Component Designator: OldDesignator=R10_FILTER6 NewDesignator=R10_6
Change Component Designator: OldDesignator=R10_FILTER7 NewDesignator=R10_7
Change Component Designator: OldDesignator=R10_FILTER8 NewDesignator=R10_8
Change Component Designator: OldDesignator=R10_FILTER9 NewDesignator=R10_9
Change Component Designator: OldDesignator=R10_FILTER10 NewDesignator=R10_10
Change Component Designator: OldDesignator=R10_FILTER11 NewDesignator=R10_11
Change Component Designator: OldDesignator=R10_FILTER12 NewDesignator=R10_12
Change Component Designator: OldDesignator=R10_FILTER13 NewDesignator=R10_13
Change Component Designator: OldDesignator=R10_FILTER14 NewDesignator=R10_14
Change Component Designator: OldDesignator=R10_FILTER15 NewDesignator=R10_15
Change Component Designator: OldDesignator=R10_FILTER16 NewDesignator=R10_16
Change Component Designator: OldDesignator=R11_FILTER1 NewDesignator=R11_1
Change Component Designator: OldDesignator=R11_FILTER2 NewDesignator=R11_2
Change Component Designator: OldDesignator=R11_FILTER3 NewDesignator=R11_3
Change Component Designator: OldDesignator=R11_FILTER4 NewDesignator=R11_4
Change Component Designator: OldDesignator=R11_FILTER5 NewDesignator=R11_5
Change Component Designator: OldDesignator=R11_FILTER6 NewDesignator=R11_6
Change Component Designator: OldDesignator=R11_FILTER7 NewDesignator=R11_7
Change Component Designator: OldDesignator=R11_FILTER8 NewDesignator=R11_8
Change Component Designator: OldDesignator=R11_FILTER9 NewDesignator=R11_9
Change Component Designator: OldDesignator=R11_FILTER10 NewDesignator=R11_10
Change Component Designator: OldDesignator=R11_FILTER11 NewDesignator=R11_11
Change Component Designator: OldDesignator=R11_FILTER12 NewDesignator=R11_12
Change Component Designator: OldDesignator=R11_FILTER13 NewDesignator=R11_13
Change Component Designator: OldDesignator=R11_FILTER14 NewDesignator=R11_14
Change Component Designator: OldDesignator=R11_FILTER15 NewDesignator=R11_15
Change Component Designator: OldDesignator=R11_FILTER16 NewDesignator=R11_16
Change Component Designator: OldDesignator=R12_FILTER1 NewDesignator=R12_1
Change Component Designator: OldDesignator=R12_FILTER2 NewDesignator=R12_2
Change Component Designator: OldDesignator=R12_FILTER3 NewDesignator=R12_3
Change Component Designator: OldDesignator=R12_FILTER4 NewDesignator=R12_4
Change Component Designator: OldDesignator=R12_FILTER5 NewDesignator=R12_5
Change Component Designator: OldDesignator=R12_FILTER6 NewDesignator=R12_6
Change Component Designator: OldDesignator=R12_FILTER7 NewDesignator=R12_7
Change Component Designator: OldDesignator=R12_FILTER8 NewDesignator=R12_8
Change Component Designator: OldDesignator=R12_FILTER9 NewDesignator=R12_9
Change Component Designator: OldDesignator=R12_FILTER10 NewDesignator=R12_10
Change Component Designator: OldDesignator=R12_FILTER11 NewDesignator=R12_11
Change Component Designator: OldDesignator=R12_FILTER12 NewDesignator=R12_12
Change Component Designator: OldDesignator=R12_FILTER13 NewDesignator=R12_13
Change Component Designator: OldDesignator=R12_FILTER14 NewDesignator=R12_14
Change Component Designator: OldDesignator=R12_FILTER15 NewDesignator=R12_15
Change Component Designator: OldDesignator=R12_FILTER16 NewDesignator=R12_16
Change Component Designator: OldDesignator=R13_FILTER1 NewDesignator=R13_1
Change Component Designator: OldDesignator=R13_FILTER2 NewDesignator=R13_2
Change Component Designator: OldDesignator=R13_FILTER3 NewDesignator=R13_3
Change Component Designator: OldDesignator=R13_FILTER4 NewDesignator=R13_4
Change Component Designator: OldDesignator=R13_FILTER5 NewDesignator=R13_5
Change Component Designator: OldDesignator=R13_FILTER6 NewDesignator=R13_6
Change Component Designator: OldDesignator=R13_FILTER7 NewDesignator=R13_7
Change Component Designator: OldDesignator=R13_FILTER8 NewDesignator=R13_8
Change Component Designator: OldDesignator=R13_FILTER9 NewDesignator=R13_9
Change Component Designator: OldDesignator=R13_FILTER10 NewDesignator=R13_10
Change Component Designator: OldDesignator=R13_FILTER11 NewDesignator=R13_11
Change Component Designator: OldDesignator=R13_FILTER12 NewDesignator=R13_12
Change Component Designator: OldDesignator=R13_FILTER13 NewDesignator=R13_13
Change Component Designator: OldDesignator=R13_FILTER14 NewDesignator=R13_14
Change Component Designator: OldDesignator=R13_FILTER15 NewDesignator=R13_15
Change Component Designator: OldDesignator=R13_FILTER16 NewDesignator=R13_16
Change Component Designator: OldDesignator=R14_FILTER1 NewDesignator=R14_1
Change Component Designator: OldDesignator=R14_FILTER2 NewDesignator=R14_2
Change Component Designator: OldDesignator=R14_FILTER3 NewDesignator=R14_3
Change Component Designator: OldDesignator=R14_FILTER4 NewDesignator=R14_4
Change Component Designator: OldDesignator=R14_FILTER5 NewDesignator=R14_5
Change Component Designator: OldDesignator=R14_FILTER6 NewDesignator=R14_6
Change Component Designator: OldDesignator=R14_FILTER7 NewDesignator=R14_7
Change Component Designator: OldDesignator=R14_FILTER8 NewDesignator=R14_8
Change Component Designator: OldDesignator=R14_FILTER9 NewDesignator=R14_9
Change Component Designator: OldDesignator=R14_FILTER10 NewDesignator=R14_10
Change Component Designator: OldDesignator=R14_FILTER11 NewDesignator=R14_11
Change Component Designator: OldDesignator=R14_FILTER12 NewDesignator=R14_12
Change Component Designator: OldDesignator=R14_FILTER13 NewDesignator=R14_13
Change Component Designator: OldDesignator=R14_FILTER14 NewDesignator=R14_14
Change Component Designator: OldDesignator=R14_FILTER15 NewDesignator=R14_15
Change Component Designator: OldDesignator=R14_FILTER16 NewDesignator=R14_16
Change Component Designator: OldDesignator=R15_FILTER1 NewDesignator=R15_1
Change Component Designator: OldDesignator=R15_FILTER2 NewDesignator=R15_2
Change Component Designator: OldDesignator=R15_FILTER3 NewDesignator=R15_3
Change Component Designator: OldDesignator=R15_FILTER4 NewDesignator=R15_4
Change Component Designator: OldDesignator=R15_FILTER5 NewDesignator=R15_5
Change Component Designator: OldDesignator=R15_FILTER6 NewDesignator=R15_6
Change Component Designator: OldDesignator=R15_FILTER7 NewDesignator=R15_7
Change Component Designator: OldDesignator=R15_FILTER8 NewDesignator=R15_8
Change Component Designator: OldDesignator=R15_FILTER9 NewDesignator=R15_9
Change Component Designator: OldDesignator=R15_FILTER10 NewDesignator=R15_10
Change Component Designator: OldDesignator=R15_FILTER11 NewDesignator=R15_11
Change Component Designator: OldDesignator=R15_FILTER12 NewDesignator=R15_12
Change Component Designator: OldDesignator=R15_FILTER13 NewDesignator=R15_13
Change Component Designator: OldDesignator=R15_FILTER14 NewDesignator=R15_14
Change Component Designator: OldDesignator=R15_FILTER15 NewDesignator=R15_15
Change Component Designator: OldDesignator=R15_FILTER16 NewDesignator=R15_16
Change Component Designator: OldDesignator=R16_OPTO1 NewDesignator=R16_1
Change Component Designator: OldDesignator=R16_OPTO2 NewDesignator=R16_2
Change Component Designator: OldDesignator=R16_OPTO3 NewDesignator=R16_3
Change Component Designator: OldDesignator=R16_OPTO4 NewDesignator=R16_4
Change Component Designator: OldDesignator=R16_OPTO5 NewDesignator=R16_5
Change Component Designator: OldDesignator=R16_OPTO6 NewDesignator=R16_6
Change Component Designator: OldDesignator=R16_OPTO7 NewDesignator=R16_7
Change Component Designator: OldDesignator=R16_OPTO8 NewDesignator=R16_8
Change Component Designator: OldDesignator=R16_OPTO9 NewDesignator=R16_9
Change Component Designator: OldDesignator=R16_OPTO10 NewDesignator=R16_10
Change Component Designator: OldDesignator=R16_OPTO11 NewDesignator=R16_11
Change Component Designator: OldDesignator=R16_OPTO12 NewDesignator=R16_12
Change Component Designator: OldDesignator=R16_OPTO13 NewDesignator=R16_13
Change Component Designator: OldDesignator=R16_OPTO14 NewDesignator=R16_14
Change Component Designator: OldDesignator=R16_OPTO15 NewDesignator=R16_15
Change Component Designator: OldDesignator=R16_OPTO16 NewDesignator=R16_16
Change Component Designator: OldDesignator=U9_FILTER1 NewDesignator=U9_1
Change Component Designator: OldDesignator=U9_FILTER2 NewDesignator=U9_2
Change Component Designator: OldDesignator=U9_FILTER3 NewDesignator=U9_3
Change Component Designator: OldDesignator=U9_FILTER4 NewDesignator=U9_4
Change Component Designator: OldDesignator=U9_FILTER5 NewDesignator=U9_5
Change Component Designator: OldDesignator=U9_FILTER6 NewDesignator=U9_6
Change Component Designator: OldDesignator=U9_FILTER7 NewDesignator=U9_7
Change Component Designator: OldDesignator=U9_FILTER8 NewDesignator=U9_8
Change Component Designator: OldDesignator=U9_FILTER9 NewDesignator=U9_9
Change Component Designator: OldDesignator=U9_FILTER10 NewDesignator=U9_10
Change Component Designator: OldDesignator=U9_FILTER11 NewDesignator=U9_11
Change Component Designator: OldDesignator=U9_FILTER12 NewDesignator=U9_12
Change Component Designator: OldDesignator=U9_FILTER13 NewDesignator=U9_13
Change Component Designator: OldDesignator=U9_FILTER14 NewDesignator=U9_14
Change Component Designator: OldDesignator=U9_FILTER15 NewDesignator=U9_15
Change Component Designator: OldDesignator=U9_FILTER16 NewDesignator=U9_16
Change Component Designator: OldDesignator=U10_OPTO1 NewDesignator=U10_1
Change Component Designator: OldDesignator=U10_OPTO2 NewDesignator=U10_2
Change Component Designator: OldDesignator=U10_OPTO3 NewDesignator=U10_3
Change Component Designator: OldDesignator=U10_OPTO4 NewDesignator=U10_4
Change Component Designator: OldDesignator=U10_OPTO5 NewDesignator=U10_5
Change Component Designator: OldDesignator=U10_OPTO6 NewDesignator=U10_6
Change Component Designator: OldDesignator=U10_OPTO7 NewDesignator=U10_7
Change Component Designator: OldDesignator=U10_OPTO8 NewDesignator=U10_8
Change Component Designator: OldDesignator=U10_OPTO9 NewDesignator=U10_9
Change Component Designator: OldDesignator=U10_OPTO10 NewDesignator=U10_10
Change Component Designator: OldDesignator=U10_OPTO11 NewDesignator=U10_11
Change Component Designator: OldDesignator=U10_OPTO12 NewDesignator=U10_12
Change Component Designator: OldDesignator=U10_OPTO13 NewDesignator=U10_13
Change Component Designator: OldDesignator=U10_OPTO14 NewDesignator=U10_14
Change Component Designator: OldDesignator=U10_OPTO15 NewDesignator=U10_15
Change Component Designator: OldDesignator=U10_OPTO16 NewDesignator=U10_16
Change Net Name : Old Net Name=NetC43_FILTER1_2 New Net Name=NetC43_1_2
Change Net Name : Old Net Name=NetC43_FILTER2_2 New Net Name=NetC43_2_2
Change Net Name : Old Net Name=NetC43_FILTER3_2 New Net Name=NetC43_3_2
Change Net Name : Old Net Name=NetC43_FILTER4_2 New Net Name=NetC43_4_2
Change Net Name : Old Net Name=NetC43_FILTER5_2 New Net Name=NetC43_5_2
Change Net Name : Old Net Name=NetC43_FILTER6_2 New Net Name=NetC43_6_2
Change Net Name : Old Net Name=NetC43_FILTER7_2 New Net Name=NetC43_7_2
Change Net Name : Old Net Name=NetC43_FILTER8_2 New Net Name=NetC43_8_2
Change Net Name : Old Net Name=NetC43_FILTER9_2 New Net Name=NetC43_9_2
Change Net Name : Old Net Name=NetC43_FILTER10_2 New Net Name=NetC43_10_2
Change Net Name : Old Net Name=NetC43_FILTER11_2 New Net Name=NetC43_11_2
Change Net Name : Old Net Name=NetC43_FILTER12_2 New Net Name=NetC43_12_2
Change Net Name : Old Net Name=NetC43_FILTER13_2 New Net Name=NetC43_13_2
Change Net Name : Old Net Name=NetC43_FILTER14_2 New Net Name=NetC43_14_2
Change Net Name : Old Net Name=NetC43_FILTER15_2 New Net Name=NetC43_15_2
Change Net Name : Old Net Name=NetC43_FILTER16_2 New Net Name=NetC43_16_2
Change Net Name : Old Net Name=NetR10_FILTER1_1 New Net Name=NetR10_1_1
Change Net Name : Old Net Name=NetR10_FILTER1_2 New Net Name=NetR10_1_2
Change Net Name : Old Net Name=NetR10_FILTER2_1 New Net Name=NetR10_2_1
Change Net Name : Old Net Name=NetR10_FILTER2_2 New Net Name=NetR10_2_2
Change Net Name : Old Net Name=NetR10_FILTER3_1 New Net Name=NetR10_3_1
Change Net Name : Old Net Name=NetR10_FILTER3_2 New Net Name=NetR10_3_2
Change Net Name : Old Net Name=NetR10_FILTER4_1 New Net Name=NetR10_4_1
Change Net Name : Old Net Name=NetR10_FILTER4_2 New Net Name=NetR10_4_2
Change Net Name : Old Net Name=NetR10_FILTER5_1 New Net Name=NetR10_5_1
Change Net Name : Old Net Name=NetR10_FILTER5_2 New Net Name=NetR10_5_2
Change Net Name : Old Net Name=NetR10_FILTER6_1 New Net Name=NetR10_6_1
Change Net Name : Old Net Name=NetR10_FILTER6_2 New Net Name=NetR10_6_2
Change Net Name : Old Net Name=NetR10_FILTER7_1 New Net Name=NetR10_7_1
Change Net Name : Old Net Name=NetR10_FILTER7_2 New Net Name=NetR10_7_2
Change Net Name : Old Net Name=NetR10_FILTER8_1 New Net Name=NetR10_8_1
Change Net Name : Old Net Name=NetR10_FILTER8_2 New Net Name=NetR10_8_2
Change Net Name : Old Net Name=NetR10_FILTER9_1 New Net Name=NetR10_9_1
Change Net Name : Old Net Name=NetR10_FILTER9_2 New Net Name=NetR10_9_2
Change Net Name : Old Net Name=NetR10_FILTER10_1 New Net Name=NetR10_10_1
Change Net Name : Old Net Name=NetR10_FILTER10_2 New Net Name=NetR10_10_2
Change Net Name : Old Net Name=NetR10_FILTER11_1 New Net Name=NetR10_11_1
Change Net Name : Old Net Name=NetR10_FILTER11_2 New Net Name=NetR10_11_2
Change Net Name : Old Net Name=NetR10_FILTER12_1 New Net Name=NetR10_12_1
Change Net Name : Old Net Name=NetR10_FILTER12_2 New Net Name=NetR10_12_2
Change Net Name : Old Net Name=NetR10_FILTER13_1 New Net Name=NetR10_13_1
Change Net Name : Old Net Name=NetR10_FILTER13_2 New Net Name=NetR10_13_2
Change Net Name : Old Net Name=NetR10_FILTER14_1 New Net Name=NetR10_14_1
Change Net Name : Old Net Name=NetR10_FILTER14_2 New Net Name=NetR10_14_2
Change Net Name : Old Net Name=NetR10_FILTER15_1 New Net Name=NetR10_15_1
Change Net Name : Old Net Name=NetR10_FILTER15_2 New Net Name=NetR10_15_2
Change Net Name : Old Net Name=NetR10_FILTER16_1 New Net Name=NetR10_16_1
Change Net Name : Old Net Name=NetR10_FILTER16_2 New Net Name=NetR10_16_2
Change Net Name : Old Net Name=NetR11_FILTER1_2 New Net Name=NetR11_1_2
Change Net Name : Old Net Name=NetR11_FILTER2_2 New Net Name=NetR11_2_2
Change Net Name : Old Net Name=NetR11_FILTER3_2 New Net Name=NetR11_3_2
Change Net Name : Old Net Name=NetR11_FILTER4_2 New Net Name=NetR11_4_2
Change Net Name : Old Net Name=NetR11_FILTER5_2 New Net Name=NetR11_5_2
Change Net Name : Old Net Name=NetR11_FILTER6_2 New Net Name=NetR11_6_2
Change Net Name : Old Net Name=NetR11_FILTER7_2 New Net Name=NetR11_7_2
Change Net Name : Old Net Name=NetR11_FILTER8_2 New Net Name=NetR11_8_2
Change Net Name : Old Net Name=NetR11_FILTER9_2 New Net Name=NetR11_9_2
Change Net Name : Old Net Name=NetR11_FILTER10_2 New Net Name=NetR11_10_2
Change Net Name : Old Net Name=NetR11_FILTER11_2 New Net Name=NetR11_11_2
Change Net Name : Old Net Name=NetR11_FILTER12_2 New Net Name=NetR11_12_2
Change Net Name : Old Net Name=NetR11_FILTER13_2 New Net Name=NetR11_13_2
Change Net Name : Old Net Name=NetR11_FILTER14_2 New Net Name=NetR11_14_2
Change Net Name : Old Net Name=NetR11_FILTER15_2 New Net Name=NetR11_15_2
Change Net Name : Old Net Name=NetR11_FILTER16_2 New Net Name=NetR11_16_2
Change Net Name : Old Net Name=NetR12_FILTER1_2 New Net Name=NetR12_1_2
Change Net Name : Old Net Name=NetR12_FILTER2_2 New Net Name=NetR12_2_2
Change Net Name : Old Net Name=NetR12_FILTER3_2 New Net Name=NetR12_3_2
Change Net Name : Old Net Name=NetR12_FILTER4_2 New Net Name=NetR12_4_2
Change Net Name : Old Net Name=NetR12_FILTER5_2 New Net Name=NetR12_5_2
Change Net Name : Old Net Name=NetR12_FILTER6_2 New Net Name=NetR12_6_2
Change Net Name : Old Net Name=NetR12_FILTER7_2 New Net Name=NetR12_7_2
Change Net Name : Old Net Name=NetR12_FILTER8_2 New Net Name=NetR12_8_2
Change Net Name : Old Net Name=NetR12_FILTER9_2 New Net Name=NetR12_9_2
Change Net Name : Old Net Name=NetR12_FILTER10_2 New Net Name=NetR12_10_2
Change Net Name : Old Net Name=NetR12_FILTER11_2 New Net Name=NetR12_11_2
Change Net Name : Old Net Name=NetR12_FILTER12_2 New Net Name=NetR12_12_2
Change Net Name : Old Net Name=NetR12_FILTER13_2 New Net Name=NetR12_13_2
Change Net Name : Old Net Name=NetR12_FILTER14_2 New Net Name=NetR12_14_2
Change Net Name : Old Net Name=NetR12_FILTER15_2 New Net Name=NetR12_15_2
Change Net Name : Old Net Name=NetR12_FILTER16_2 New Net Name=NetR12_16_2
Change Net Name : Old Net Name=NetR16_OPTO1_1 New Net Name=NetR16_1_1
Change Net Name : Old Net Name=NetR16_OPTO1_2 New Net Name=NetR16_1_2
Change Net Name : Old Net Name=NetR16_OPTO2_1 New Net Name=NetR16_2_1
Change Net Name : Old Net Name=NetR16_OPTO2_2 New Net Name=NetR16_2_2
Change Net Name : Old Net Name=NetR16_OPTO3_1 New Net Name=NetR16_3_1
Change Net Name : Old Net Name=NetR16_OPTO3_2 New Net Name=NetR16_3_2
Change Net Name : Old Net Name=NetR16_OPTO4_1 New Net Name=NetR16_4_1
Change Net Name : Old Net Name=NetR16_OPTO4_2 New Net Name=NetR16_4_2
Change Net Name : Old Net Name=NetR16_OPTO5_1 New Net Name=NetR16_5_1
Change Net Name : Old Net Name=NetR16_OPTO5_2 New Net Name=NetR16_5_2
Change Net Name : Old Net Name=NetR16_OPTO6_1 New Net Name=NetR16_6_1
Change Net Name : Old Net Name=NetR16_OPTO6_2 New Net Name=NetR16_6_2
Change Net Name : Old Net Name=NetR16_OPTO7_1 New Net Name=NetR16_7_1
Change Net Name : Old Net Name=NetR16_OPTO7_2 New Net Name=NetR16_7_2
Change Net Name : Old Net Name=NetR16_OPTO8_1 New Net Name=NetR16_8_1
Change Net Name : Old Net Name=NetR16_OPTO8_2 New Net Name=NetR16_8_2
Change Net Name : Old Net Name=NetR16_OPTO9_1 New Net Name=NetR16_9_1
Change Net Name : Old Net Name=NetR16_OPTO9_2 New Net Name=NetR16_9_2
Change Net Name : Old Net Name=NetR16_OPTO10_1 New Net Name=NetR16_10_1
Change Net Name : Old Net Name=NetR16_OPTO10_2 New Net Name=NetR16_10_2
Change Net Name : Old Net Name=NetR16_OPTO11_1 New Net Name=NetR16_11_1
Change Net Name : Old Net Name=NetR16_OPTO11_2 New Net Name=NetR16_11_2
Change Net Name : Old Net Name=NetR16_OPTO12_1 New Net Name=NetR16_12_1
Change Net Name : Old Net Name=NetR16_OPTO12_2 New Net Name=NetR16_12_2
Change Net Name : Old Net Name=NetR16_OPTO13_1 New Net Name=NetR16_13_1
Change Net Name : Old Net Name=NetR16_OPTO13_2 New Net Name=NetR16_13_2
Change Net Name : Old Net Name=NetR16_OPTO14_1 New Net Name=NetR16_14_1
Change Net Name : Old Net Name=NetR16_OPTO14_2 New Net Name=NetR16_14_2
Change Net Name : Old Net Name=NetR16_OPTO15_1 New Net Name=NetR16_15_1
Change Net Name : Old Net Name=NetR16_OPTO15_2 New Net Name=NetR16_15_2
Change Net Name : Old Net Name=NetR16_OPTO16_1 New Net Name=NetR16_16_1
Change Net Name : Old Net Name=NetR16_OPTO16_2 New Net Name=NetR16_16_2
Change Net Name : Old Net Name=NetU9_FILTER1_1 New Net Name=NetU9_1_1
Change Net Name : Old Net Name=NetU9_FILTER2_1 New Net Name=NetU9_2_1
Change Net Name : Old Net Name=NetU9_FILTER3_1 New Net Name=NetU9_3_1
Change Net Name : Old Net Name=NetU9_FILTER4_1 New Net Name=NetU9_4_1
Change Net Name : Old Net Name=NetU9_FILTER5_1 New Net Name=NetU9_5_1
Change Net Name : Old Net Name=NetU9_FILTER6_1 New Net Name=NetU9_6_1
Change Net Name : Old Net Name=NetU9_FILTER7_1 New Net Name=NetU9_7_1
Change Net Name : Old Net Name=NetU9_FILTER8_1 New Net Name=NetU9_8_1
Change Net Name : Old Net Name=NetU9_FILTER9_1 New Net Name=NetU9_9_1
Change Net Name : Old Net Name=NetU9_FILTER10_1 New Net Name=NetU9_10_1
Change Net Name : Old Net Name=NetU9_FILTER11_1 New Net Name=NetU9_11_1
Change Net Name : Old Net Name=NetU9_FILTER12_1 New Net Name=NetU9_12_1
Change Net Name : Old Net Name=NetU9_FILTER13_1 New Net Name=NetU9_13_1
Change Net Name : Old Net Name=NetU9_FILTER14_1 New Net Name=NetU9_14_1
Change Net Name : Old Net Name=NetU9_FILTER15_1 New Net Name=NetU9_15_1
Change Net Name : Old Net Name=NetU9_FILTER16_1 New Net Name=NetU9_16_1
Change Net Name : Old Net Name=NetU10_OPTO1_4 New Net Name=NetU10_1_4
Change Net Name : Old Net Name=NetU10_OPTO2_4 New Net Name=NetU10_2_4
Change Net Name : Old Net Name=NetU10_OPTO3_4 New Net Name=NetU10_3_4
Change Net Name : Old Net Name=NetU10_OPTO4_4 New Net Name=NetU10_4_4
Change Net Name : Old Net Name=NetU10_OPTO5_4 New Net Name=NetU10_5_4
Change Net Name : Old Net Name=NetU10_OPTO6_4 New Net Name=NetU10_6_4
Change Net Name : Old Net Name=NetU10_OPTO7_4 New Net Name=NetU10_7_4
Change Net Name : Old Net Name=NetU10_OPTO8_4 New Net Name=NetU10_8_4
Change Net Name : Old Net Name=NetU10_OPTO9_4 New Net Name=NetU10_9_4
Change Net Name : Old Net Name=NetU10_OPTO10_4 New Net Name=NetU10_10_4
Change Net Name : Old Net Name=NetU10_OPTO11_4 New Net Name=NetU10_11_4
Change Net Name : Old Net Name=NetU10_OPTO12_4 New Net Name=NetU10_12_4
Change Net Name : Old Net Name=NetU10_OPTO13_4 New Net Name=NetU10_13_4
Change Net Name : Old Net Name=NetU10_OPTO14_4 New Net Name=NetU10_14_4
Change Net Name : Old Net Name=NetU10_OPTO15_4 New Net Name=NetU10_15_4
Change Net Name : Old Net Name=NetU10_OPTO16_4 New Net Name=NetU10_16_4
