Change component parameters: Designator = "C1"; Footprint = "C0603"; UniqueID = "\ZXAKUVJM\KHGHAFIX"
Change component parameters. Clean all parameters for all variants
Change component parameters (AddParameter): Name = "ComponentLink1Description"; Value = "Datasheet"; VariantName = "[No Variations]"
Change component parameters (AddParameter): Name = "ComponentLink1URL"; Value = "http://tunmcdsvn.tun.st.com/Component_Datasheet_Library/Trunk/Capacitors/Yageo_Capacitor_NP0_16V-to-50V"; VariantName = "[No Variations]"
Change component parameters (AddParameter): Name = "Initial_Board_Reference"; Value = "MB1319"; VariantName = "[No Variations]"
Change component parameters (AddParameter): Name = "Internal_Part_Number"; Value = "MCD-00674"; VariantName = "[No Variations]"
Change component parameters (AddParameter): Name = "Manufacturer"; Value = "YAGEO"; VariantName = "[No Variations]"
Change component parameters (AddParameter): Name = "Manufacturer_Part_Number"; Value = "CC0402CRNPO9BN6R8"; VariantName = "[No Variations]"
Change component parameters (AddParameter): Name = "Package"; Value = "C0402"; VariantName = "[No Variations]"
Change component parameters (AddParameter): Name = "Part_Type"; Value = "Capacitor"; VariantName = "[No Variations]"
Change component parameters (AddParameter): Name = "Provided_By"; Value = "Subcon"; VariantName = "[No Variations]"
Change component parameters (AddParameter): Name = "Revision"; Value = ""; VariantName = "[No Variations]"
Change component parameters (AddParameter): Name = "Status"; Value = "Released"; VariantName = "[No Variations]"
Change component parameters (AddParameter): Name = "Value"; Value = "6.8pF"; VariantName = "[No Variations]"
Change component parameters: Designator = "C2"; Footprint = "C0603"; UniqueID = "\ZXAKUVJM\XPUGKBTB"
Change component parameters. Clean all parameters for all variants
Change component parameters (AddParameter): Name = "ComponentLink1Description"; Value = "Datasheet"; VariantName = "[No Variations]"
Change component parameters (AddParameter): Name = "ComponentLink1URL"; Value = "http://tunmcdsvn.tun.st.com/Component_Datasheet_Library/Trunk/Capacitors/Yageo_Capacitor_NP0_16V-to-50V"; VariantName = "[No Variations]"
Change component parameters (AddParameter): Name = "Initial_Board_Reference"; Value = "MB1319"; VariantName = "[No Variations]"
Change component parameters (AddParameter): Name = "Internal_Part_Number"; Value = "MCD-00674"; VariantName = "[No Variations]"
Change component parameters (AddParameter): Name = "Manufacturer"; Value = "YAGEO"; VariantName = "[No Variations]"
Change component parameters (AddParameter): Name = "Manufacturer_Part_Number"; Value = "CC0402CRNPO9BN6R8"; VariantName = "[No Variations]"
Change component parameters (AddParameter): Name = "Package"; Value = "C0402"; VariantName = "[No Variations]"
Change component parameters (AddParameter): Name = "Part_Type"; Value = "Capacitor"; VariantName = "[No Variations]"
Change component parameters (AddParameter): Name = "Provided_By"; Value = "Subcon"; VariantName = "[No Variations]"
Change component parameters (AddParameter): Name = "Revision"; Value = ""; VariantName = "[No Variations]"
Change component parameters (AddParameter): Name = "Status"; Value = "Released"; VariantName = "[No Variations]"
Change component parameters (AddParameter): Name = "Value"; Value = "6.8pF"; VariantName = "[No Variations]"
Added Component: Designator=X1(CRY_NX2016SA_4P)
Add component. Clean all parameters for all variants
Add component (AddParameter): Name = "ComponentLink1Description"; Value = "Datasheet"; VariantName = "[No Variations]"
Add component (AddParameter): Name = "ComponentLink1URL"; Value = "http://tunmcdsvn.tun.st.com/Component_Datasheet_Library/Trunk/Crystal_Osc/NDK_NX2016SA 16MHz EXS00A-CS07826 (EXS10B-21237)"; VariantName = "[No Variations]"
Add component (AddParameter): Name = "Initial_Board_Reference"; Value = "MB1373"; VariantName = "[No Variations]"
Add component (AddParameter): Name = "Internal_Part_Number"; Value = "MCD-01476"; VariantName = "[No Variations]"
Add component (AddParameter): Name = "Item Type"; Value = "Item"; VariantName = "[No Variations]"
Add component (AddParameter): Name = "Manufacturer"; Value = "NDK"; VariantName = "[No Variations]"
Add component (AddParameter): Name = "Manufacturer_Part_Number"; Value = "NX2016SA 16 MHz EXS00A-CS07826"; VariantName = "[No Variations]"
Add component (AddParameter): Name = "Package"; Value = "NX2016SA"; VariantName = "[No Variations]"
Add component (AddParameter): Name = "Part_Type"; Value = "Crystal_Osc"; VariantName = "[No Variations]"
Add component (AddParameter): Name = "Path"; Value = "ws/MCD_ApplicationBoards/Lists/MCDPARTSdatabase"; VariantName = "[No Variations]"
Add component (AddParameter): Name = "Provided_By"; Value = "ST"; VariantName = "[No Variations]"
Add component (AddParameter): Name = "Status"; Value = "Symbol available"; VariantName = "[No Variations]"
Add component (AddParameter): Name = "Value"; Value = "NX2016SA 16MHz"; VariantName = "[No Variations]"
Added Pin To Net: NetName=PH0-OSC_IN Pin=X1-1
Added Pin To Net: NetName=GND Pin=X1-2
Added Pin To Net: NetName=PH1-OSC_OUT Pin=X1-3
Added Pin To Net: NetName=GND Pin=X1-4
Added Member To Class: ClassName=U_STM32_microcontroller_IOs Member=Component X1 XTAL_4_PINS
