Removed Pin From Net: NetName=NetR11_1_2 Pin=R11_2-2
Removed Pin From Net: NetName=NetR11_1_2 Pin=R11_3-2
Removed Pin From Net: NetName=NetR11_1_2 Pin=R11_4-2
Removed Pin From Net: NetName=NetR11_1_2 Pin=R11_5-2
Removed Pin From Net: NetName=NetR11_1_2 Pin=R11_6-2
Removed Pin From Net: NetName=NetR11_1_2 Pin=R11_7-2
Removed Pin From Net: NetName=NetR11_1_2 Pin=R11_8-2
Removed Pin From Net: NetName=NetR11_1_2 Pin=R13_2-1
Removed Pin From Net: NetName=NetR11_1_2 Pin=R13_3-1
Removed Pin From Net: NetName=NetR11_1_2 Pin=R13_4-1
Removed Pin From Net: NetName=NetR11_1_2 Pin=R13_5-1
Removed Pin From Net: NetName=NetR11_1_2 Pin=R13_6-1
Removed Pin From Net: NetName=NetR11_1_2 Pin=R13_7-1
Removed Pin From Net: NetName=NetR11_1_2 Pin=R13_8-1
Removed Pin From Net: NetName=NetU9_1_1 Pin=U9_2-1
Removed Pin From Net: NetName=NetU9_1_1 Pin=U9_2-2
Removed Pin From Net: NetName=NetU9_1_1 Pin=U9_3-1
Removed Pin From Net: NetName=NetU9_1_1 Pin=U9_3-2
Removed Pin From Net: NetName=NetU9_1_1 Pin=U9_4-1
Removed Pin From Net: NetName=NetU9_1_1 Pin=U9_4-2
Removed Pin From Net: NetName=NetU9_1_1 Pin=U9_5-1
Removed Pin From Net: NetName=NetU9_1_1 Pin=U9_5-2
Removed Pin From Net: NetName=NetU9_1_1 Pin=U9_6-1
Removed Pin From Net: NetName=NetU9_1_1 Pin=U9_6-2
Removed Pin From Net: NetName=NetU9_1_1 Pin=U9_7-1
Removed Pin From Net: NetName=NetU9_1_1 Pin=U9_7-2
Removed Pin From Net: NetName=NetU9_1_1 Pin=U9_8-1
Removed Pin From Net: NetName=NetU9_1_1 Pin=U9_8-2
Added Pin To Net: NetName=NetR11_2_2 Pin=R11_2-2
Added Pin To Net: NetName=NetR11_2_2 Pin=R13_2-1
Added Net: Name=NetR11_2_2
Added Pin To Net: NetName=NetR11_3_2 Pin=R11_3-2
Added Pin To Net: NetName=NetR11_3_2 Pin=R13_3-1
Added Net: Name=NetR11_3_2
Added Pin To Net: NetName=NetR11_4_2 Pin=R11_4-2
Added Pin To Net: NetName=NetR11_4_2 Pin=R13_4-1
Added Net: Name=NetR11_4_2
Added Pin To Net: NetName=NetR11_5_2 Pin=R11_5-2
Added Pin To Net: NetName=NetR11_5_2 Pin=R13_5-1
Added Net: Name=NetR11_5_2
Added Pin To Net: NetName=NetR11_6_2 Pin=R11_6-2
Added Pin To Net: NetName=NetR11_6_2 Pin=R13_6-1
Added Net: Name=NetR11_6_2
Added Pin To Net: NetName=NetR11_7_2 Pin=R11_7-2
Added Pin To Net: NetName=NetR11_7_2 Pin=R13_7-1
Added Net: Name=NetR11_7_2
Added Pin To Net: NetName=NetR11_8_2 Pin=R11_8-2
Added Pin To Net: NetName=NetR11_8_2 Pin=R13_8-1
Added Net: Name=NetR11_8_2
Added Pin To Net: NetName=NetU9_2_1 Pin=U9_2-1
Added Pin To Net: NetName=NetU9_2_1 Pin=U9_2-2
Added Net: Name=NetU9_2_1
Added Pin To Net: NetName=NetU9_3_1 Pin=U9_3-1
Added Pin To Net: NetName=NetU9_3_1 Pin=U9_3-2
Added Net: Name=NetU9_3_1
Added Pin To Net: NetName=NetU9_4_1 Pin=U9_4-1
Added Pin To Net: NetName=NetU9_4_1 Pin=U9_4-2
Added Net: Name=NetU9_4_1
Added Pin To Net: NetName=NetU9_5_1 Pin=U9_5-1
Added Pin To Net: NetName=NetU9_5_1 Pin=U9_5-2
Added Net: Name=NetU9_5_1
Added Pin To Net: NetName=NetU9_6_1 Pin=U9_6-1
Added Pin To Net: NetName=NetU9_6_1 Pin=U9_6-2
Added Net: Name=NetU9_6_1
Added Pin To Net: NetName=NetU9_7_1 Pin=U9_7-1
Added Pin To Net: NetName=NetU9_7_1 Pin=U9_7-2
Added Net: Name=NetU9_7_1
Added Pin To Net: NetName=NetU9_8_1 Pin=U9_8-1
Added Pin To Net: NetName=NetU9_8_1 Pin=U9_8-2
Added Net: Name=NetU9_8_1
