Removed Pin From Net: NetName=PH0-OSC_IN Pin=X1-1
Removed Pin From Net: NetName=PH1-OSC_OUT Pin=X1-3
Change Component Footprint: Designator=X1 Old Footprint=CRY_NX2016SA_4P New Footprint=7B-CRYSTAL
Change Component Comment : Designator=X1 Old Comment=XTAL_4_PINS New Comment=7B-20.000MEEG-T
Change component parameters: Designator = "C1"; Footprint = "C0603"; UniqueID = "\ZXAKUVJM\SRGERZLX"
Change component parameters. Clean all parameters for all variants
Change component parameters (AddParameter): Name = "ComponentLink1Description"; Value = "Datasheet"; VariantName = "[No Variations]"
Change component parameters (AddParameter): Name = "ComponentLink1URL"; Value = "http://tunmcdsvn.tun.st.com/Component_Datasheet_Library/Trunk/Capacitors/Yageo_Capacitor_NP0_16V-to-50V"; VariantName = "[No Variations]"
Change component parameters (AddParameter): Name = "Initial_Board_Reference"; Value = "MB1319"; VariantName = "[No Variations]"
Change component parameters (AddParameter): Name = "Internal_Part_Number"; Value = "MCD-00674"; VariantName = "[No Variations]"
Change component parameters (AddParameter): Name = "Manufacturer"; Value = "YAGEO"; VariantName = "[No Variations]"
Change component parameters (AddParameter): Name = "Manufacturer_Part_Number"; Value = "CC0402CRNPO9BN6R8"; VariantName = "[No Variations]"
Change component parameters (AddParameter): Name = "Package"; Value = "C0402"; VariantName = "[No Variations]"
Change component parameters (AddParameter): Name = "Part_Type"; Value = "Capacitor"; VariantName = "[No Variations]"
Change component parameters (AddParameter): Name = "Provided_By"; Value = "Subcon"; VariantName = "[No Variations]"
Change component parameters (AddParameter): Name = "Revision"; Value = ""; VariantName = "[No Variations]"
Change component parameters (AddParameter): Name = "Status"; Value = "Released"; VariantName = "[No Variations]"
Change component parameters (AddParameter): Name = "Value"; Value = "15pF"; VariantName = "[No Variations]"
Change component parameters: Designator = "C2"; Footprint = "C0603"; UniqueID = "\ZXAKUVJM\XPUGKBTB"
Change component parameters. Clean all parameters for all variants
Change component parameters (AddParameter): Name = "ComponentLink1Description"; Value = "Datasheet"; VariantName = "[No Variations]"
Change component parameters (AddParameter): Name = "ComponentLink1URL"; Value = "http://tunmcdsvn.tun.st.com/Component_Datasheet_Library/Trunk/Capacitors/Yageo_Capacitor_NP0_16V-to-50V"; VariantName = "[No Variations]"
Change component parameters (AddParameter): Name = "Initial_Board_Reference"; Value = "MB1319"; VariantName = "[No Variations]"
Change component parameters (AddParameter): Name = "Internal_Part_Number"; Value = "MCD-00674"; VariantName = "[No Variations]"
Change component parameters (AddParameter): Name = "Manufacturer"; Value = "YAGEO"; VariantName = "[No Variations]"
Change component parameters (AddParameter): Name = "Manufacturer_Part_Number"; Value = "CC0402CRNPO9BN6R8"; VariantName = "[No Variations]"
Change component parameters (AddParameter): Name = "Package"; Value = "C0402"; VariantName = "[No Variations]"
Change component parameters (AddParameter): Name = "Part_Type"; Value = "Capacitor"; VariantName = "[No Variations]"
Change component parameters (AddParameter): Name = "Provided_By"; Value = "Subcon"; VariantName = "[No Variations]"
Change component parameters (AddParameter): Name = "Revision"; Value = ""; VariantName = "[No Variations]"
Change component parameters (AddParameter): Name = "Status"; Value = "Released"; VariantName = "[No Variations]"
Change component parameters (AddParameter): Name = "Value"; Value = "15pF"; VariantName = "[No Variations]"
Change component parameters: Designator = "X1"; Footprint = "7B-CRYSTAL"; UniqueID = "\ZXAKUVJM\YAUQOKZX"
Change component parameters. Clean all parameters for all variants
Added Pin To Net: NetName=PH1-OSC_OUT Pin=X1-1
Added Pin To Net: NetName=PH0-OSC_IN Pin=X1-3
