Removed Pin From Net: NetName=DAC1 Pin=P1-1
Removed Pin From Net: NetName=DAC2 Pin=P1-2
Removed Pin From Net: NetName=DAC3 Pin=P1-3
Removed Pin From Net: NetName=DAC4 Pin=P1-4
Removed Pin From Net: NetName=ADC7 Pin=P2-3
Removed Pin From Net: NetName=ADC8 Pin=P2-4
Removed Pin From Net: NetName=DAC5 Pin=P8-1
Removed Pin From Net: NetName=DAC6 Pin=P8-2
Removed Pin From Net: NetName=DAC7 Pin=P8-3
Removed Pin From Net: NetName=DAC8 Pin=P8-4
Removed Pin From Net: NetName=ADC3 Pin=P10-3
Removed Pin From Net: NetName=ADC4 Pin=P10-4
Removed Member From Class: ClassName=DAC_OUT Member=P1
Change Component Footprint: Designator=P2 Old Footprint=MHDR1X4 New Footprint=MHDR1X5
Change Component Footprint: Designator=P8 Old Footprint=MHDR1X4 New Footprint=MHDR1X5
Change Component Footprint: Designator=P10 Old Footprint=MHDR1X4 New Footprint=MHDR1X5
Change Component Comment : Designator=P2 Old Comment=MHDR1X4 New Comment=MHDR1X5
Change Component Comment : Designator=P8 Old Comment=MHDR1X4 New Comment=MHDR1X5
Change Component Comment : Designator=P10 Old Comment=MHDR1X4 New Comment=MHDR1X5
Added Component: Designator=P9(MHDR1X5)
Add component. Clean all parameters for all variants
Add component (AddParameter): Name = "LatestRevisionDate"; Value = "17-Jul-2002"; VariantName = "[No Variations]"
Add component (AddParameter): Name = "LatestRevisionNote"; Value = "Re-released for DXP Platform."; VariantName = "[No Variations]"
Add component (AddParameter): Name = "Publisher"; Value = "Altium Limited"; VariantName = "[No Variations]"
Added Pin To Net: NetName=IN_GND Pin=P2-3
Added Pin To Net: NetName=ADC7 Pin=P2-4
Added Pin To Net: NetName=ADC8 Pin=P2-5
Added Pin To Net: NetName=DAC1 Pin=P8-1
Added Pin To Net: NetName=DAC2 Pin=P8-2
Added Pin To Net: NetName=IN_GND Pin=P8-3
Added Pin To Net: NetName=DAC3 Pin=P8-4
Added Pin To Net: NetName=DAC4 Pin=P8-5
Added Pin To Net: NetName=DAC5 Pin=P9-1
Added Pin To Net: NetName=DAC6 Pin=P9-2
Added Pin To Net: NetName=IN_GND Pin=P9-3
Added Pin To Net: NetName=DAC7 Pin=P9-4
Added Pin To Net: NetName=DAC8 Pin=P9-5
Added Pin To Net: NetName=IN_GND Pin=P10-3
Added Pin To Net: NetName=ADC3 Pin=P10-4
Added Pin To Net: NetName=ADC4 Pin=P10-5
Added Member To Class: ClassName=DAC_OUT Member=Component P9 MHDR1X5
