Removed Pin From Net: NetName=ADC1 Pin=P2-1
Removed Pin From Net: NetName=ADC2 Pin=P2-2
Removed Pin From Net: NetName=ADC3 Pin=P2-3
Removed Pin From Net: NetName=ADC4 Pin=P2-4
Removed Pin From Net: NetName=ADC5 Pin=P2-5
Removed Pin From Net: NetName=ADC6 Pin=P2-6
Removed Pin From Net: NetName=ADC7 Pin=P2-7
Removed Pin From Net: NetName=ADC8 Pin=P2-8
Change Component Footprint: Designator=P2 Old Footprint=MHDR1X8 New Footprint=MHDR1X4
Change Component Comment : Designator=P2 Old Comment=MHDR1X8 New Comment=MHDR1X4
Added Component: Designator=P9(MHDR1X5)
Add component. Clean all parameters for all variants
Add component (AddParameter): Name = "LatestRevisionDate"; Value = "17-Jul-2002"; VariantName = "[No Variations]"
Add component (AddParameter): Name = "LatestRevisionNote"; Value = "Re-released for DXP Platform."; VariantName = "[No Variations]"
Add component (AddParameter): Name = "Publisher"; Value = "Altium Limited"; VariantName = "[No Variations]"
Added Component: Designator=P10(MHDR1X4)
Add component. Clean all parameters for all variants
Add component (AddParameter): Name = "LatestRevisionDate"; Value = "17-Jul-2002"; VariantName = "[No Variations]"
Add component (AddParameter): Name = "LatestRevisionNote"; Value = "Re-released for DXP Platform."; VariantName = "[No Variations]"
Add component (AddParameter): Name = "Publisher"; Value = "Altium Limited"; VariantName = "[No Variations]"
Added Pin To Net: NetName=ADC5 Pin=P2-1
Added Pin To Net: NetName=ADC6 Pin=P2-2
Added Pin To Net: NetName=ADC7 Pin=P2-3
Added Pin To Net: NetName=ADC8 Pin=P2-4
Added Pin To Net: NetName=IN_GND Pin=P9-1
Added Pin To Net: NetName=DAC4 Pin=P9-2
Added Pin To Net: NetName=DAC3 Pin=P9-3
Added Pin To Net: NetName=DAC2 Pin=P9-4
Added Pin To Net: NetName=DAC1 Pin=P9-5
Added Pin To Net: NetName=ADC1 Pin=P10-1
Added Pin To Net: NetName=ADC2 Pin=P10-2
Added Pin To Net: NetName=ADC3 Pin=P10-3
Added Pin To Net: NetName=ADC4 Pin=P10-4
Added Member To Class: ClassName=DAC_OUT Member=Component P9 MHDR1X5
Added Member To Class: ClassName=ADC_IN Member=Component P10 MHDR1X4
